# JRE version: OpenJDK Runtime Environment (17.0.6) (build 17.0.6+0-b2043.56-10027231)
# Java VM: OpenJDK 64-Bit Server VM (17.0.6+0-b2043.56-10027231, mixed mode, tiered, compressed oops, compressed class ptrs, g1 gc, windows-amd64)
GC Precious Log:
 CPUs: 4 total, 4 available
 Memory: 8152M
 Large Page Support: Disabled
 NUMA Support: Disabled
 Compressed Oops: Enabled (32-bit)
 Heap Region Size: 1M
 Heap Min Capacity: 8M
 Heap Initial Capacity: 128M
 Heap Max Capacity: 2G
 Pre-touch: Disabled
 Parallel Workers: 4
 Concurrent Workers: 1
 Concurrent Refinement Workers: 4
 Periodic GC: Disabled
Heap:
 garbage-first heap   total 253952K, used 172606K [0x0000000080000000, 0x0000000100000000)
  region size 1024K, 50 young (51200K), 10 survivors (10240K)
 Metaspace       used 111027K, committed 111808K, reserved 1146880K
  class space    used 14720K, committed 15104K, reserved 1048576K
GC Heap History (20 events):
Event: 22.969 GC heap before
{Heap before GC invocations=35 (full 0):
 garbage-first heap   total 126976K, used 98733K [0x0000000080000000, 0x0000000100000000)
  region size 1024K, 37 young (37888K), 5 survivors (5120K)
 Metaspace       used 77586K, committed 78208K, reserved 1122304K
  class space    used 10346K, committed 10624K, reserved 1048576K
}
Event: 22.979 GC heap after
{Heap after GC invocations=36 (full 0):
 garbage-first heap   total 126976K, used 69767K [0x0000000080000000, 0x0000000100000000)
  region size 1024K, 4 young (4096K), 4 survivors (4096K)
 Metaspace       used 77586K, committed 78208K, reserved 1122304K
  class space    used 10346K, committed 10624K, reserved 1048576K
}
Event: 23.008 GC heap before
{Heap before GC invocations=36 (full 0):
 garbage-first heap   total 126976K, used 71815K [0x0000000080000000, 0x0000000100000000)
  region size 1024K, 6 young (6144K), 4 survivors (4096K)
 Metaspace       used 77755K, committed 78336K, reserved 1122304K
  class space    used 10371K, committed 10624K, reserved 1048576K
}
Event: 23.016 GC heap after
{Heap after GC invocations=37 (full 0):
 garbage-first heap   total 126976K, used 69942K [0x0000000080000000, 0x0000000100000000)
  region size 1024K, 1 young (1024K), 1 survivors (1024K)
 Metaspace       used 77755K, committed 78336K, reserved 1122304K
  class space    used 10371K, committed 10624K, reserved 1048576K
}
Event: 23.977 GC heap before
{Heap before GC invocations=37 (full 0):
 garbage-first heap   total 126976K, used 101686K [0x0000000080000000, 0x0000000100000000)
  region size 1024K, 31 young (31744K), 1 survivors (1024K)
 Metaspace       used 81513K, committed 82112K, reserved 1122304K
  class space    used 11091K, committed 11392K, reserved 1048576K
}
Event: 23.983 GC heap after
{Heap after GC invocations=38 (full 0):
 garbage-first heap   total 253952K, used 70947K [0x0000000080000000, 0x0000000100000000)
  region size 1024K, 2 young (2048K), 2 survivors (2048K)
 Metaspace       used 81513K, committed 82112K, reserved 1122304K
  class space    used 11091K, committed 11392K, reserved 1048576K
}
Event: 30.277 GC heap before
{Heap before GC invocations=39 (full 0):
 garbage-first heap   total 253952K, used 182563K [0x0000000080000000, 0x0000000100000000)
  region size 1024K, 111 young (113664K), 2 survivors (2048K)
 Metaspace       used 93177K, committed 93824K, reserved 1130496K
  class space    used 12734K, committed 13056K, reserved 1048576K
}
Event: 30.312 GC heap after
{Heap after GC invocations=40 (full 0):
 garbage-first heap   total 253952K, used 79603K [0x0000000080000000, 0x0000000100000000)
  region size 1024K, 11 young (11264K), 11 survivors (11264K)
 Metaspace       used 93177K, committed 93824K, reserved 1130496K
  class space    used 12734K, committed 13056K, reserved 1048576K
}
Event: 30.359 GC heap before
{Heap before GC invocations=40 (full 0):
 garbage-first heap   total 253952K, used 80627K [0x0000000080000000, 0x0000000100000000)
  region size 1024K, 12 young (12288K), 11 survivors (11264K)
 Metaspace       used 93203K, committed 93824K, reserved 1130496K
  class space    used 12737K, committed 13056K, reserved 1048576K
}
Event: 30.381 GC heap after
{Heap after GC invocations=41 (full 0):
 garbage-first heap   total 253952K, used 80136K [0x0000000080000000, 0x0000000100000000)
  region size 1024K, 2 young (2048K), 2 survivors (2048K)
 Metaspace       used 93203K, committed 93824K, reserved 1130496K
  class space    used 12737K, committed 13056K, reserved 1048576K
}
Event: 40.596 GC heap before
{Heap before GC invocations=41 (full 0):
 garbage-first heap   total 253952K, used 192776K [0x0000000080000000, 0x0000000100000000)
  region size 1024K, 112 young (114688K), 2 survivors (2048K)
 Metaspace       used 95891K, committed 96512K, reserved 1138688K
  class space    used 13132K, committed 13440K, reserved 1048576K
}
Event: 40.629 GC heap after
{Heap after GC invocations=42 (full 0):
 garbage-first heap   total 253952K, used 94208K [0x0000000080000000, 0x0000000100000000)
  region size 1024K, 14 young (14336K), 14 survivors (14336K)
 Metaspace       used 95891K, committed 96512K, reserved 1138688K
  class space    used 13132K, committed 13440K, reserved 1048576K
}
Event: 51.190 GC heap before
{Heap before GC invocations=42 (full 0):
 garbage-first heap   total 253952K, used 203776K [0x0000000080000000, 0x0000000100000000)
  region size 1024K, 111 young (113664K), 14 survivors (14336K)
 Metaspace       used 100477K, committed 101184K, reserved 1138688K
  class space    used 13624K, committed 13952K, reserved 1048576K
}
Event: 51.258 GC heap after
{Heap after GC invocations=43 (full 0):
 garbage-first heap   total 253952K, used 119603K [0x0000000080000000, 0x0000000100000000)
  region size 1024K, 14 young (14336K), 14 survivors (14336K)
 Metaspace       used 100477K, committed 101184K, reserved 1138688K
  class space    used 13624K, committed 13952K, reserved 1048576K
}
Event: 55.219 GC heap before
{Heap before GC invocations=43 (full 0):
 garbage-first heap   total 253952K, used 206643K [0x0000000080000000, 0x0000000100000000)
  region size 1024K, 83 young (84992K), 14 survivors (14336K)
 Metaspace       used 105410K, committed 106048K, reserved 1146880K
  class space    used 14157K, committed 14464K, reserved 1048576K
}
Event: 55.250 GC heap after
{Heap after GC invocations=44 (full 0):
 garbage-first heap   total 253952K, used 126976K [0x0000000080000000, 0x0000000100000000)
  region size 1024K, 8 young (8192K), 8 survivors (8192K)
 Metaspace       used 105410K, committed 106048K, reserved 1146880K
  class space    used 14157K, committed 14464K, reserved 1048576K
}
Event: 62.235 GC heap before
{Heap before GC invocations=44 (full 0):
 garbage-first heap   total 253952K, used 196608K [0x0000000080000000, 0x0000000100000000)
  region size 1024K, 75 young (76800K), 8 survivors (8192K)
 Metaspace       used 108719K, committed 109376K, reserved 1146880K
  class space    used 14452K, committed 14784K, reserved 1048576K
}
Event: 62.255 GC heap after
{Heap after GC invocations=45 (full 0):
 garbage-first heap   total 253952K, used 125810K [0x0000000080000000, 0x0000000100000000)
  region size 1024K, 4 young (4096K), 4 survivors (4096K)
 Metaspace       used 108719K, committed 109376K, reserved 1146880K
  class space    used 14452K, committed 14784K, reserved 1048576K
}
Event: 73.940 GC heap before
{Heap before GC invocations=45 (full 0):
 garbage-first heap   total 253952K, used 198514K [0x0000000080000000, 0x0000000100000000)
  region size 1024K, 76 young (77824K), 4 survivors (4096K)
 Metaspace       used 110700K, committed 111424K, reserved 1146880K
  class space    used 14682K, committed 15040K, reserved 1048576K
}
Event: 73.959 GC heap after
{Heap after GC invocations=46 (full 0):
 garbage-first heap   total 253952K, used 133694K [0x0000000080000000, 0x0000000100000000)
  region size 1024K, 10 young (10240K), 10 survivors (10240K)
 Metaspace       used 110700K, committed 111424K, reserved 1146880K
  class space    used 14682K, committed 15040K, reserved 1048576K
}

