# JRE version: OpenJDK Runtime Environment (17.0.6) (build 17.0.6+0-b2043.56-10027231)
# Java VM: OpenJDK 64-Bit Server VM (17.0.6+0-b2043.56-10027231, mixed mode, tiered, compressed oops, compressed class ptrs, g1 gc, windows-amd64)
GC Precious Log:
 CPUs: 4 total, 4 available
 Memory: 8152M
 Large Page Support: Disabled
 NUMA Support: Disabled
 Compressed Oops: Enabled (32-bit)
 Heap Region Size: 1M
 Heap Min Capacity: 8M
 Heap Initial Capacity: 128M
 Heap Max Capacity: 2G
 Pre-touch: Disabled
 Parallel Workers: 4
 Concurrent Workers: 1
 Concurrent Refinement Workers: 4
 Periodic GC: Disabled
Heap:
 garbage-first heap   total 97280K, used 63127K [0x0000000080000000, 0x0000000100000000)
  region size 1024K, 3 young (3072K), 3 survivors (3072K)
 Metaspace       used 65544K, committed 66112K, reserved 1114112K
  class space    used 8690K, committed 8960K, reserved 1048576K
GC Heap History (20 events):
Event: 54.430 GC heap after
{Heap after GC invocations=20 (full 0):
 garbage-first heap   total 65536K, used 36726K [0x0000000080000000, 0x0000000100000000)
  region size 1024K, 3 young (3072K), 3 survivors (3072K)
 Metaspace       used 53044K, committed 53504K, reserved 1097728K
  class space    used 7092K, committed 7296K, reserved 1048576K
}
Event: 66.761 GC heap before
{Heap before GC invocations=20 (full 0):
 garbage-first heap   total 65536K, used 52086K [0x0000000080000000, 0x0000000100000000)
  region size 1024K, 19 young (19456K), 3 survivors (3072K)
 Metaspace       used 53500K, committed 54016K, reserved 1097728K
  class space    used 7137K, committed 7360K, reserved 1048576K
}
Event: 66.769 GC heap after
{Heap after GC invocations=21 (full 0):
 garbage-first heap   total 65536K, used 39149K [0x0000000080000000, 0x0000000100000000)
  region size 1024K, 3 young (3072K), 3 survivors (3072K)
 Metaspace       used 53500K, committed 54016K, reserved 1097728K
  class space    used 7137K, committed 7360K, reserved 1048576K
}
Event: 82.254 GC heap before
{Heap before GC invocations=22 (full 0):
 garbage-first heap   total 70656K, used 61677K [0x0000000080000000, 0x0000000100000000)
  region size 1024K, 16 young (16384K), 3 survivors (3072K)
 Metaspace       used 54029K, committed 54528K, reserved 1097728K
  class space    used 7204K, committed 7424K, reserved 1048576K
}
Event: 82.260 GC heap after
{Heap after GC invocations=23 (full 0):
 garbage-first heap   total 72704K, used 54507K [0x0000000080000000, 0x0000000100000000)
  region size 1024K, 2 young (2048K), 2 survivors (2048K)
 Metaspace       used 54029K, committed 54528K, reserved 1097728K
  class space    used 7204K, committed 7424K, reserved 1048576K
}
Event: 82.430 GC heap before
{Heap before GC invocations=23 (full 0):
 garbage-first heap   total 72704K, used 54507K [0x0000000080000000, 0x0000000100000000)
  region size 1024K, 3 young (3072K), 2 survivors (2048K)
 Metaspace       used 54192K, committed 54656K, reserved 1097728K
  class space    used 7216K, committed 7424K, reserved 1048576K
}
Event: 82.432 GC heap after
{Heap after GC invocations=24 (full 0):
 garbage-first heap   total 72704K, used 54390K [0x0000000080000000, 0x0000000100000000)
  region size 1024K, 1 young (1024K), 1 survivors (1024K)
 Metaspace       used 54192K, committed 54656K, reserved 1097728K
  class space    used 7216K, committed 7424K, reserved 1048576K
}
Event: 82.880 GC heap before
{Heap before GC invocations=24 (full 0):
 garbage-first heap   total 72704K, used 58486K [0x0000000080000000, 0x0000000100000000)
  region size 1024K, 6 young (6144K), 1 survivors (1024K)
 Metaspace       used 54857K, committed 55296K, reserved 1097728K
  class space    used 7307K, committed 7488K, reserved 1048576K
}
Event: 82.882 GC heap after
{Heap after GC invocations=25 (full 0):
 garbage-first heap   total 72704K, used 54334K [0x0000000080000000, 0x0000000100000000)
  region size 1024K, 1 young (1024K), 1 survivors (1024K)
 Metaspace       used 54857K, committed 55296K, reserved 1097728K
  class space    used 7307K, committed 7488K, reserved 1048576K
}
Event: 83.113 GC heap before
{Heap before GC invocations=26 (full 0):
 garbage-first heap   total 96256K, used 59454K [0x0000000080000000, 0x0000000100000000)
  region size 1024K, 6 young (6144K), 1 survivors (1024K)
 Metaspace       used 55504K, committed 56000K, reserved 1097728K
  class space    used 7405K, committed 7616K, reserved 1048576K
}
Event: 83.116 GC heap after
{Heap after GC invocations=27 (full 0):
 garbage-first heap   total 96256K, used 54486K [0x0000000080000000, 0x0000000100000000)
  region size 1024K, 1 young (1024K), 1 survivors (1024K)
 Metaspace       used 55504K, committed 56000K, reserved 1097728K
  class space    used 7405K, committed 7616K, reserved 1048576K
}
Event: 83.257 GC heap before
{Heap before GC invocations=27 (full 0):
 garbage-first heap   total 96256K, used 57558K [0x0000000080000000, 0x0000000100000000)
  region size 1024K, 4 young (4096K), 1 survivors (1024K)
 Metaspace       used 55904K, committed 56384K, reserved 1097728K
  class space    used 7464K, committed 7680K, reserved 1048576K
}
Event: 83.261 GC heap after
{Heap after GC invocations=28 (full 0):
 garbage-first heap   total 96256K, used 54108K [0x0000000080000000, 0x0000000100000000)
  region size 1024K, 1 young (1024K), 1 survivors (1024K)
 Metaspace       used 55904K, committed 56384K, reserved 1097728K
  class space    used 7464K, committed 7680K, reserved 1048576K
}
Event: 84.563 GC heap before
{Heap before GC invocations=28 (full 0):
 garbage-first heap   total 96256K, used 77660K [0x0000000080000000, 0x0000000100000000)
  region size 1024K, 24 young (24576K), 1 survivors (1024K)
 Metaspace       used 59746K, committed 60224K, reserved 1105920K
  class space    used 7918K, committed 8128K, reserved 1048576K
}
Event: 84.568 GC heap after
{Heap after GC invocations=29 (full 0):
 garbage-first heap   total 96256K, used 55012K [0x0000000080000000, 0x0000000100000000)
  region size 1024K, 2 young (2048K), 2 survivors (2048K)
 Metaspace       used 59746K, committed 60224K, reserved 1105920K
  class space    used 7918K, committed 8128K, reserved 1048576K
}
Event: 86.549 GC heap before
{Heap before GC invocations=30 (full 0):
 garbage-first heap   total 97280K, used 79588K [0x0000000080000000, 0x0000000100000000)
  region size 1024K, 25 young (25600K), 2 survivors (2048K)
 Metaspace       used 64195K, committed 64768K, reserved 1105920K
  class space    used 8513K, committed 8768K, reserved 1048576K
}
Event: 86.556 GC heap after
{Heap after GC invocations=31 (full 0):
 garbage-first heap   total 97280K, used 57660K [0x0000000080000000, 0x0000000100000000)
  region size 1024K, 3 young (3072K), 3 survivors (3072K)
 Metaspace       used 64195K, committed 64768K, reserved 1105920K
  class space    used 8513K, committed 8768K, reserved 1048576K
}
Event: 86.558 GC heap before
{Heap before GC invocations=31 (full 0):
 garbage-first heap   total 97280K, used 58684K [0x0000000080000000, 0x0000000100000000)
  region size 1024K, 4 young (4096K), 3 survivors (3072K)
 Metaspace       used 64195K, committed 64768K, reserved 1105920K
  class space    used 8513K, committed 8768K, reserved 1048576K
}
Event: 86.564 GC heap after
{Heap after GC invocations=32 (full 0):
 garbage-first heap   total 97280K, used 58140K [0x0000000080000000, 0x0000000100000000)
  region size 1024K, 1 young (1024K), 1 survivors (1024K)
 Metaspace       used 64195K, committed 64768K, reserved 1105920K
  class space    used 8513K, committed 8768K, reserved 1048576K
}
Event: 87.423 GC heap before
{Heap before GC invocations=32 (full 0):
 garbage-first heap   total 97280K, used 84764K [0x0000000080000000, 0x0000000100000000)
  region size 1024K, 22 young (22528K), 1 survivors (1024K)
 Metaspace       used 65544K, committed 66112K, reserved 1114112K
  class space    used 8690K, committed 8960K, reserved 1048576K
}

